2024-09-21 22:07:15,598:WARNING:
'cuml' is a soft dependency and not included in the pycaret installation. Please run: `pip install cuml` to install.
2024-09-21 22:07:15,601:WARNING:
'cuml' is a soft dependency and not included in the pycaret installation. Please run: `pip install cuml` to install.
2024-09-21 22:07:15,601:WARNING:
'cuml' is a soft dependency and not included in the pycaret installation. Please run: `pip install cuml` to install.
2024-09-21 22:07:15,601:WARNING:
'cuml' is a soft dependency and not included in the pycaret installation. Please run: `pip install cuml` to install.
2024-09-21 22:07:19,535:INFO:PyCaret ClassificationExperiment
2024-09-21 22:07:19,535:INFO:Logging name: clf-default-name
2024-09-21 22:07:19,535:INFO:ML Usecase: MLUsecase.CLASSIFICATION
2024-09-21 22:07:19,535:INFO:version 3.3.2
2024-09-21 22:07:19,535:INFO:Initializing setup()
2024-09-21 22:07:19,535:INFO:self.USI: dd81
2024-09-21 22:07:19,535:INFO:self._variable_keys: {'fold_shuffle_param', '_ml_usecase', 'html_param', 'y', '_available_plots', 'seed', 'y_train', 'is_multiclass', 'gpu_param', 'pipeline', 'n_jobs_param', 'USI', 'exp_name_log', 'fold_generator', 'fix_imbalance', 'memory', 'data', 'X_train', 'exp_id', 'X_test', 'gpu_n_jobs_param', 'log_plots_param', 'X', 'target_param', 'logging_param', 'idx', 'y_test', 'fold_groups_param'}
2024-09-21 22:07:19,535:INFO:Checking environment
2024-09-21 22:07:19,535:INFO:python_version: 3.11.5
2024-09-21 22:07:19,535:INFO:python_build: ('main', 'Sep 11 2023 08:19:27')
2024-09-21 22:07:19,535:INFO:machine: x86_64
2024-09-21 22:07:19,535:INFO:platform: macOS-10.16-x86_64-i386-64bit
2024-09-21 22:07:19,535:INFO:Memory: svmem(total=17179869184, available=5441785856, percent=68.3, used=9068941312, free=183582720, active=5261295616, inactive=5247070208, wired=3807645696)
2024-09-21 22:07:19,536:INFO:Physical Core: 6
2024-09-21 22:07:19,536:INFO:Logical Core: 12
2024-09-21 22:07:19,536:INFO:Checking libraries
2024-09-21 22:07:19,536:INFO:System:
2024-09-21 22:07:19,536:INFO:    python: 3.11.5 (main, Sep 11 2023, 08:19:27) [Clang 14.0.6 ]
2024-09-21 22:07:19,536:INFO:executable: /Users/pierre.muller/anaconda3/bin/python
2024-09-21 22:07:19,536:INFO:   machine: macOS-10.16-x86_64-i386-64bit
2024-09-21 22:07:19,536:INFO:PyCaret required dependencies:
2024-09-21 22:07:22,552:INFO:                 pip: 24.0
2024-09-21 22:07:22,552:INFO:          setuptools: 69.1.1
2024-09-21 22:07:22,552:INFO:             pycaret: 3.3.2
2024-09-21 22:07:22,552:INFO:             IPython: 8.15.0
2024-09-21 22:07:22,552:INFO:          ipywidgets: 8.0.4
2024-09-21 22:07:22,553:INFO:                tqdm: 4.65.0
2024-09-21 22:07:22,553:INFO:               numpy: 1.24.3
2024-09-21 22:07:22,553:INFO:              pandas: 2.0.3
2024-09-21 22:07:22,553:INFO:              jinja2: 3.1.2
2024-09-21 22:07:22,553:INFO:               scipy: 1.11.1
2024-09-21 22:07:22,553:INFO:              joblib: 1.2.0
2024-09-21 22:07:22,553:INFO:             sklearn: 1.4.1.post1
2024-09-21 22:07:22,553:INFO:                pyod: 2.0.2
2024-09-21 22:07:22,553:INFO:            imblearn: 0.12.3
2024-09-21 22:07:22,553:INFO:   category_encoders: 2.6.3
2024-09-21 22:07:22,553:INFO:            lightgbm: 4.5.0
2024-09-21 22:07:22,553:INFO:               numba: 0.57.0
2024-09-21 22:07:22,553:INFO:            requests: 2.31.0
2024-09-21 22:07:22,553:INFO:          matplotlib: 3.7.2
2024-09-21 22:07:22,553:INFO:          scikitplot: 0.3.7
2024-09-21 22:07:22,553:INFO:         yellowbrick: 1.5
2024-09-21 22:07:22,553:INFO:              plotly: 5.24.1
2024-09-21 22:07:22,553:INFO:    plotly-resampler: Not installed
2024-09-21 22:07:22,553:INFO:             kaleido: 0.2.1
2024-09-21 22:07:22,553:INFO:           schemdraw: 0.15
2024-09-21 22:07:22,553:INFO:         statsmodels: 0.14.0
2024-09-21 22:07:22,554:INFO:              sktime: 0.26.0
2024-09-21 22:07:22,554:INFO:               tbats: 1.1.3
2024-09-21 22:07:22,554:INFO:            pmdarima: 2.0.4
2024-09-21 22:07:22,554:INFO:              psutil: 5.9.0
2024-09-21 22:07:22,554:INFO:          markupsafe: 2.1.1
2024-09-21 22:07:22,554:INFO:             pickle5: Not installed
2024-09-21 22:07:22,554:INFO:         cloudpickle: 2.2.1
2024-09-21 22:07:22,554:INFO:         deprecation: 2.1.0
2024-09-21 22:07:22,554:INFO:              xxhash: 2.0.2
2024-09-21 22:07:22,554:INFO:           wurlitzer: 3.0.2
2024-09-21 22:07:22,554:INFO:PyCaret optional dependencies:
2024-09-21 22:07:22,576:INFO:                shap: Not installed
2024-09-21 22:07:22,576:INFO:           interpret: Not installed
2024-09-21 22:07:22,576:INFO:                umap: 0.5.5
2024-09-21 22:07:22,576:INFO:     ydata_profiling: Not installed
2024-09-21 22:07:22,576:INFO:  explainerdashboard: Not installed
2024-09-21 22:07:22,576:INFO:             autoviz: Not installed
2024-09-21 22:07:22,576:INFO:           fairlearn: Not installed
2024-09-21 22:07:22,576:INFO:          deepchecks: Not installed
2024-09-21 22:07:22,576:INFO:             xgboost: Not installed
2024-09-21 22:07:22,576:INFO:            catboost: Not installed
2024-09-21 22:07:22,577:INFO:              kmodes: Not installed
2024-09-21 22:07:22,577:INFO:             mlxtend: Not installed
2024-09-21 22:07:22,577:INFO:       statsforecast: Not installed
2024-09-21 22:07:22,577:INFO:        tune_sklearn: Not installed
2024-09-21 22:07:22,577:INFO:                 ray: Not installed
2024-09-21 22:07:22,577:INFO:            hyperopt: Not installed
2024-09-21 22:07:22,577:INFO:              optuna: Not installed
2024-09-21 22:07:22,577:INFO:               skopt: Not installed
2024-09-21 22:07:22,577:INFO:              mlflow: Not installed
2024-09-21 22:07:22,577:INFO:              gradio: Not installed
2024-09-21 22:07:22,577:INFO:             fastapi: Not installed
2024-09-21 22:07:22,577:INFO:             uvicorn: Not installed
2024-09-21 22:07:22,577:INFO:              m2cgen: Not installed
2024-09-21 22:07:22,577:INFO:           evidently: Not installed
2024-09-21 22:07:22,577:INFO:               fugue: Not installed
2024-09-21 22:07:22,577:INFO:           streamlit: 1.31.0
2024-09-21 22:07:22,577:INFO:             prophet: Not installed
2024-09-21 22:07:22,577:INFO:None
2024-09-21 22:07:22,577:INFO:Set up data.
2024-09-21 22:14:14,522:INFO:PyCaret ClassificationExperiment
2024-09-21 22:14:14,522:INFO:Logging name: clf-default-name
2024-09-21 22:14:14,522:INFO:ML Usecase: MLUsecase.CLASSIFICATION
2024-09-21 22:14:14,522:INFO:version 3.3.2
2024-09-21 22:14:14,522:INFO:Initializing setup()
2024-09-21 22:14:14,522:INFO:self.USI: 9a8b
2024-09-21 22:14:14,522:INFO:self._variable_keys: {'fold_shuffle_param', '_ml_usecase', 'html_param', 'y', '_available_plots', 'seed', 'y_train', 'is_multiclass', 'gpu_param', 'pipeline', 'n_jobs_param', 'USI', 'exp_name_log', 'fold_generator', 'fix_imbalance', 'memory', 'data', 'X_train', 'exp_id', 'X_test', 'gpu_n_jobs_param', 'log_plots_param', 'X', 'target_param', 'logging_param', 'idx', 'y_test', 'fold_groups_param'}
2024-09-21 22:14:14,523:INFO:Checking environment
2024-09-21 22:14:14,523:INFO:python_version: 3.11.5
2024-09-21 22:14:14,523:INFO:python_build: ('main', 'Sep 11 2023 08:19:27')
2024-09-21 22:14:14,523:INFO:machine: x86_64
2024-09-21 22:14:14,523:INFO:platform: macOS-10.16-x86_64-i386-64bit
2024-09-21 22:14:14,523:INFO:Memory: svmem(total=17179869184, available=5668245504, percent=67.0, used=9497403392, free=307884032, active=5363490816, inactive=5296779264, wired=4133912576)
2024-09-21 22:14:14,523:INFO:Physical Core: 6
2024-09-21 22:14:14,523:INFO:Logical Core: 12
2024-09-21 22:14:14,523:INFO:Checking libraries
2024-09-21 22:14:14,523:INFO:System:
2024-09-21 22:14:14,523:INFO:    python: 3.11.5 (main, Sep 11 2023, 08:19:27) [Clang 14.0.6 ]
2024-09-21 22:14:14,523:INFO:executable: /Users/pierre.muller/anaconda3/bin/python
2024-09-21 22:14:14,523:INFO:   machine: macOS-10.16-x86_64-i386-64bit
2024-09-21 22:14:14,523:INFO:PyCaret required dependencies:
2024-09-21 22:14:14,523:INFO:                 pip: 24.0
2024-09-21 22:14:14,524:INFO:          setuptools: 69.1.1
2024-09-21 22:14:14,524:INFO:             pycaret: 3.3.2
2024-09-21 22:14:14,524:INFO:             IPython: 8.15.0
2024-09-21 22:14:14,524:INFO:          ipywidgets: 8.0.4
2024-09-21 22:14:14,524:INFO:                tqdm: 4.65.0
2024-09-21 22:14:14,524:INFO:               numpy: 1.24.3
2024-09-21 22:14:14,524:INFO:              pandas: 2.0.3
2024-09-21 22:14:14,524:INFO:              jinja2: 3.1.2
2024-09-21 22:14:14,524:INFO:               scipy: 1.11.1
2024-09-21 22:14:14,524:INFO:              joblib: 1.2.0
2024-09-21 22:14:14,524:INFO:             sklearn: 1.4.1.post1
2024-09-21 22:14:14,524:INFO:                pyod: 2.0.2
2024-09-21 22:14:14,524:INFO:            imblearn: 0.12.3
2024-09-21 22:14:14,524:INFO:   category_encoders: 2.6.3
2024-09-21 22:14:14,524:INFO:            lightgbm: 4.5.0
2024-09-21 22:14:14,524:INFO:               numba: 0.57.0
2024-09-21 22:14:14,525:INFO:            requests: 2.31.0
2024-09-21 22:14:14,525:INFO:          matplotlib: 3.7.2
2024-09-21 22:14:14,525:INFO:          scikitplot: 0.3.7
2024-09-21 22:14:14,525:INFO:         yellowbrick: 1.5
2024-09-21 22:14:14,525:INFO:              plotly: 5.24.1
2024-09-21 22:14:14,525:INFO:    plotly-resampler: Not installed
2024-09-21 22:14:14,525:INFO:             kaleido: 0.2.1
2024-09-21 22:14:14,525:INFO:           schemdraw: 0.15
2024-09-21 22:14:14,525:INFO:         statsmodels: 0.14.0
2024-09-21 22:14:14,525:INFO:              sktime: 0.26.0
2024-09-21 22:14:14,525:INFO:               tbats: 1.1.3
2024-09-21 22:14:14,525:INFO:            pmdarima: 2.0.4
2024-09-21 22:14:14,525:INFO:              psutil: 5.9.0
2024-09-21 22:14:14,525:INFO:          markupsafe: 2.1.1
2024-09-21 22:14:14,525:INFO:             pickle5: Not installed
2024-09-21 22:14:14,525:INFO:         cloudpickle: 2.2.1
2024-09-21 22:14:14,525:INFO:         deprecation: 2.1.0
2024-09-21 22:14:14,525:INFO:              xxhash: 2.0.2
2024-09-21 22:14:14,526:INFO:           wurlitzer: 3.0.2
2024-09-21 22:14:14,526:INFO:PyCaret optional dependencies:
2024-09-21 22:14:14,526:INFO:                shap: Not installed
2024-09-21 22:14:14,526:INFO:           interpret: Not installed
2024-09-21 22:14:14,526:INFO:                umap: 0.5.5
2024-09-21 22:14:14,526:INFO:     ydata_profiling: Not installed
2024-09-21 22:14:14,526:INFO:  explainerdashboard: Not installed
2024-09-21 22:14:14,526:INFO:             autoviz: Not installed
2024-09-21 22:14:14,526:INFO:           fairlearn: Not installed
2024-09-21 22:14:14,526:INFO:          deepchecks: Not installed
2024-09-21 22:14:14,526:INFO:             xgboost: Not installed
2024-09-21 22:14:14,526:INFO:            catboost: Not installed
2024-09-21 22:14:14,526:INFO:              kmodes: Not installed
2024-09-21 22:14:14,526:INFO:             mlxtend: Not installed
2024-09-21 22:14:14,526:INFO:       statsforecast: Not installed
2024-09-21 22:14:14,526:INFO:        tune_sklearn: Not installed
2024-09-21 22:14:14,526:INFO:                 ray: Not installed
2024-09-21 22:14:14,526:INFO:            hyperopt: Not installed
2024-09-21 22:14:14,527:INFO:              optuna: Not installed
2024-09-21 22:14:14,527:INFO:               skopt: Not installed
2024-09-21 22:14:14,527:INFO:              mlflow: Not installed
2024-09-21 22:14:14,527:INFO:              gradio: Not installed
2024-09-21 22:14:14,527:INFO:             fastapi: Not installed
2024-09-21 22:14:14,527:INFO:             uvicorn: Not installed
2024-09-21 22:14:14,527:INFO:              m2cgen: Not installed
2024-09-21 22:14:14,527:INFO:           evidently: Not installed
2024-09-21 22:14:14,527:INFO:               fugue: Not installed
2024-09-21 22:14:14,527:INFO:           streamlit: 1.31.0
2024-09-21 22:14:14,527:INFO:             prophet: Not installed
2024-09-21 22:14:14,527:INFO:None
2024-09-21 22:14:14,527:INFO:Set up data.
2024-09-21 22:14:14,852:INFO:Set up folding strategy.
2024-09-21 22:14:14,853:INFO:Set up train/test split.
2024-09-21 22:14:15,322:INFO:Set up index.
2024-09-21 22:14:15,335:INFO:Assigning column types.
2024-09-21 22:14:15,448:INFO:Engine successfully changes for model 'lr' to 'sklearn'.
2024-09-21 22:14:15,508:INFO:Engine for model 'knn' has not been set explicitly, hence returning None.
2024-09-21 22:14:15,514:INFO:Engine for model 'rbfsvm' has not been set explicitly, hence returning None.
2024-09-21 22:14:15,571:WARNING:
'xgboost' is a soft dependency and not included in the pycaret installation. Please run: `pip install xgboost` to install.
Alternately, you can install this by running `pip install pycaret[models]`
2024-09-21 22:14:15,571:WARNING:
'catboost' is a soft dependency and not included in the pycaret installation. Please run: `pip install catboost` to install.
Alternately, you can install this by running `pip install pycaret[models]`
2024-09-21 22:14:15,619:INFO:Engine for model 'knn' has not been set explicitly, hence returning None.
2024-09-21 22:14:15,636:INFO:Engine for model 'rbfsvm' has not been set explicitly, hence returning None.
2024-09-21 22:14:15,666:WARNING:
'xgboost' is a soft dependency and not included in the pycaret installation. Please run: `pip install xgboost` to install.
Alternately, you can install this by running `pip install pycaret[models]`
2024-09-21 22:14:15,666:WARNING:
'catboost' is a soft dependency and not included in the pycaret installation. Please run: `pip install catboost` to install.
Alternately, you can install this by running `pip install pycaret[models]`
2024-09-21 22:14:15,667:INFO:Engine successfully changes for model 'knn' to 'sklearn'.
2024-09-21 22:14:15,715:INFO:Engine for model 'rbfsvm' has not been set explicitly, hence returning None.
2024-09-21 22:14:15,744:WARNING:
'xgboost' is a soft dependency and not included in the pycaret installation. Please run: `pip install xgboost` to install.
Alternately, you can install this by running `pip install pycaret[models]`
2024-09-21 22:14:15,744:WARNING:
'catboost' is a soft dependency and not included in the pycaret installation. Please run: `pip install catboost` to install.
Alternately, you can install this by running `pip install pycaret[models]`
2024-09-21 22:14:15,793:INFO:Engine for model 'rbfsvm' has not been set explicitly, hence returning None.
2024-09-21 22:14:15,829:WARNING:
'xgboost' is a soft dependency and not included in the pycaret installation. Please run: `pip install xgboost` to install.
Alternately, you can install this by running `pip install pycaret[models]`
2024-09-21 22:14:15,829:WARNING:
'catboost' is a soft dependency and not included in the pycaret installation. Please run: `pip install catboost` to install.
Alternately, you can install this by running `pip install pycaret[models]`
2024-09-21 22:14:15,830:INFO:Engine successfully changes for model 'rbfsvm' to 'sklearn'.
2024-09-21 22:14:15,903:WARNING:
'xgboost' is a soft dependency and not included in the pycaret installation. Please run: `pip install xgboost` to install.
Alternately, you can install this by running `pip install pycaret[models]`
2024-09-21 22:14:15,904:WARNING:
'catboost' is a soft dependency and not included in the pycaret installation. Please run: `pip install catboost` to install.
Alternately, you can install this by running `pip install pycaret[models]`
2024-09-21 22:14:15,968:WARNING:
'xgboost' is a soft dependency and not included in the pycaret installation. Please run: `pip install xgboost` to install.
Alternately, you can install this by running `pip install pycaret[models]`
2024-09-21 22:14:15,968:WARNING:
'catboost' is a soft dependency and not included in the pycaret installation. Please run: `pip install catboost` to install.
Alternately, you can install this by running `pip install pycaret[models]`
2024-09-21 22:14:15,977:INFO:Preparing preprocessing pipeline...
2024-09-21 22:14:15,992:INFO:Set up label encoding.
2024-09-21 22:14:15,993:INFO:Set up simple imputation.
2024-09-21 22:14:16,066:INFO:Set up encoding of categorical features.
2024-09-21 22:14:18,133:INFO:Finished creating preprocessing pipeline.
2024-09-21 22:14:18,141:INFO:Pipeline: Pipeline(memory=FastMemory(location=/var/folders/zw/4h84gc_n5ds1nwwpkbv509c00000gn/T/joblib),
         steps=[('label_encoding',
                 TransformerWrapperWithInverse(exclude=None, include=None,
                                               transformer=LabelEncoder())),
                ('numerical_imputer',
                 TransformerWrapper(exclude=None,
                                    include=['fine_amount', 'admin_fee',
                                             'state_fee', 'late_fee',
                                             'discount_amount',
                                             'judgment_amount',...
                                                              handle_missing='return_nan',
                                                              handle_unknown='value',
                                                              return_df=True,
                                                              use_cat_names=True,
                                                              verbose=0))),
                ('rest_encoding',
                 TransformerWrapper(exclude=None, include=['state'],
                                    transformer=TargetEncoder(cols=['state'],
                                                              drop_invariant=False,
                                                              handle_missing='return_nan',
                                                              handle_unknown='value',
                                                              hierarchy=None,
                                                              min_samples_leaf=20,
                                                              return_df=True,
                                                              smoothing=10,
                                                              verbose=0)))],
         verbose=False)
2024-09-21 22:14:18,141:INFO:Creating final display dataframe.
2024-09-21 22:14:20,228:INFO:Setup _display_container:                     Description                           Value
0                    Session id                              42
1                        Target                  payment_status
2                   Target type                          Binary
3                Target mapping  NO PAYMENT: 0, PAID IN FULL: 1
4           Original data shape                    (373493, 13)
5        Transformed data shape                    (373493, 30)
6   Transformed train set shape                    (261445, 30)
7    Transformed test set shape                    (112048, 30)
8              Numeric features                               8
9          Categorical features                               4
10                   Preprocess                            True
11              Imputation type                          simple
12           Numeric imputation                            mean
13       Categorical imputation                            mode
14     Maximum one-hot encoding                              25
15              Encoding method                            None
16               Fold Generator                 StratifiedKFold
17                  Fold Number                              10
18                     CPU Jobs                              -1
19                      Use GPU                           False
20               Log Experiment                           False
21              Experiment Name                clf-default-name
22                          USI                            9a8b
2024-09-21 22:14:20,324:WARNING:
'xgboost' is a soft dependency and not included in the pycaret installation. Please run: `pip install xgboost` to install.
Alternately, you can install this by running `pip install pycaret[models]`
2024-09-21 22:14:20,324:WARNING:
'catboost' is a soft dependency and not included in the pycaret installation. Please run: `pip install catboost` to install.
Alternately, you can install this by running `pip install pycaret[models]`
2024-09-21 22:14:20,399:WARNING:
'xgboost' is a soft dependency and not included in the pycaret installation. Please run: `pip install xgboost` to install.
Alternately, you can install this by running `pip install pycaret[models]`
2024-09-21 22:14:20,400:WARNING:
'catboost' is a soft dependency and not included in the pycaret installation. Please run: `pip install catboost` to install.
Alternately, you can install this by running `pip install pycaret[models]`
2024-09-21 22:14:20,401:INFO:setup() successfully completed in 5.9s...............
2024-09-21 22:15:30,870:INFO:Initializing compare_models()
2024-09-21 22:15:30,871:INFO:compare_models(self=<pycaret.classification.oop.ClassificationExperiment object at 0x152fdedd0>, include=None, exclude=None, fold=None, round=4, cross_validation=True, sort=Accuracy, n_select=1, budget_time=None, turbo=True, errors=ignore, fit_kwargs=None, groups=None, experiment_custom_tags=None, probability_threshold=None, verbose=True, parallel=None, caller_params={'self': <pycaret.classification.oop.ClassificationExperiment object at 0x152fdedd0>, 'include': None, 'exclude': None, 'fold': None, 'round': 4, 'cross_validation': True, 'sort': 'Accuracy', 'n_select': 1, 'budget_time': None, 'turbo': True, 'errors': 'ignore', 'fit_kwargs': None, 'groups': None, 'experiment_custom_tags': None, 'probability_threshold': None, 'engine': None, 'verbose': True, 'parallel': None, '__class__': <class 'pycaret.classification.oop.ClassificationExperiment'>})
2024-09-21 22:15:30,871:INFO:Checking exceptions
2024-09-21 22:15:31,027:INFO:Preparing display monitor
2024-09-21 22:15:31,119:INFO:Initializing Logistic Regression
2024-09-21 22:15:31,119:INFO:Total runtime is 6.552537282307943e-06 minutes
2024-09-21 22:15:31,124:INFO:SubProcess create_model() called ==================================
2024-09-21 22:15:31,125:INFO:Initializing create_model()
2024-09-21 22:15:31,125:INFO:create_model(self=<pycaret.classification.oop.ClassificationExperiment object at 0x152fdedd0>, estimator=lr, fold=StratifiedKFold(n_splits=10, random_state=None, shuffle=False), round=4, cross_validation=True, predict=True, fit_kwargs={}, groups=None, refit=False, probability_threshold=None, experiment_custom_tags=None, verbose=False, system=False, add_to_model_list=True, metrics=None, display=<pycaret.internal.display.display.CommonDisplay object at 0x153185d90>, model_only=True, return_train_score=False, error_score=0.0, kwargs={})
2024-09-21 22:15:31,125:INFO:Checking exceptions
2024-09-21 22:15:31,125:INFO:Importing libraries
2024-09-21 22:15:31,126:INFO:Copying training dataset
2024-09-21 22:15:31,373:INFO:Defining folds
2024-09-21 22:15:31,373:INFO:Declaring metric variables
2024-09-21 22:15:31,376:INFO:Importing untrained model
2024-09-21 22:15:31,383:INFO:Logistic Regression Imported successfully
2024-09-21 22:15:31,391:INFO:Starting cross validation
2024-09-21 22:15:31,398:INFO:Cross validating with StratifiedKFold(n_splits=10, random_state=None, shuffle=False), n_jobs=-1
